<?xml version="1.0" encoding="UTF-8"?>
<!-- Generated by org.testng.reporters.JUnitReportReporter -->
<testsuite skipped="0" hostname="DESKTOP-DV0KBNL" name="runner.TestRunner" tests="1" failures="0" timestamp="2019-09-30T02:46:55 COT" time="46.339" errors="0">
  <testcase name="runScenario" time="46.339" classname="runner.TestRunner"/>
</testsuite> <!-- runner.TestRunner -->
